{"level":"INFO","message":"[10:48:04.822 AM]: Creating new connection object"}
{"level":"INFO","message":"[10:48:04.831 AM]: Creating Connection[id: 60f3352c-b559-45a1-a54e-5c02c83383c5] with host: cixxjbf-wp67697.snowflakecomputing.com, account: cixxjbf-wp67697, accessUrl: https://cixxjbf-wp67697.snowflakecomputing.com, user: kangsj, role: undefined, database: FNF, schema: SAP_FNF, warehouse: DEV_WH, proxy was not configured, password is provided, region: undefined, authenticator: SNOWFLAKE, ocsp mode: FAIL_OPEN, os: win32, os version: 10.0.26100"}
{"level":"INFO","message":"[10:48:04.832 AM]: Connection[id: 60f3352c-b559-45a1-a54e-5c02c83383c5] additional details: passcode in password is provided, passcode is not provided, private key is not provided, application: undefined, client name: snowflake-sdk, client version: 2.3.3, retry timeout: 300, private key path: undefined, private key pass is not provided, client store temporary credential: false, browser response timeout: 120000"}
{"level":"INFO","message":"[10:48:04.832 AM]: Connection[id: 60f3352c-b559-45a1-a54e-5c02c83383c5] - connection object created successfully."}
{"level":"INFO","message":"[10:48:04.832 AM]: Connection[id: 60f3352c-b559-45a1-a54e-5c02c83383c5] - connecting. Associated Snowflake domain: GLOBAL"}
{"level":"INFO","message":"[10:48:04.832 AM]: Connection[id: 60f3352c-b559-45a1-a54e-5c02c83383c5] - authentication successful using: SNOWFLAKE"}
{"level":"INFO","message":"[10:48:04.833 AM]: Trying to initialize Easy Logging"}
{"level":"INFO","message":"[10:48:04.835 AM]: No client config detected."}
{"level":"INFO","message":"[10:48:04.835 AM]: No config file path found. Client config will not be used."}
{"level":"INFO","message":"[10:48:04.836 AM]: Easy Logging is disabled as no config has been found"}
{"level":"INFO","message":"[10:48:05.453 AM]: Connection[id: 60f3352c-b559-45a1-a54e-5c02c83383c5] - connection established successfully after 620.96 milliseconds"}
{"level":"INFO","message":"[10:53:50.532 AM]: Creating new connection object"}
{"level":"INFO","message":"[10:53:50.533 AM]: Creating Connection[id: af2174ae-824c-4052-bbef-65b274b7c7fe] with host: cixxjbf-wp67697.snowflakecomputing.com, account: cixxjbf-wp67697, accessUrl: https://cixxjbf-wp67697.snowflakecomputing.com, user: kangsj, role: undefined, database: FNF, schema: SAP_FNF, warehouse: DEV_WH, proxy was not configured, password is provided, region: undefined, authenticator: SNOWFLAKE, ocsp mode: FAIL_OPEN, os: win32, os version: 10.0.26100"}
{"level":"INFO","message":"[10:53:50.534 AM]: Connection[id: af2174ae-824c-4052-bbef-65b274b7c7fe] additional details: passcode in password is provided, passcode is not provided, private key is not provided, application: undefined, client name: snowflake-sdk, client version: 2.3.3, retry timeout: 300, private key path: undefined, private key pass is not provided, client store temporary credential: false, browser response timeout: 120000"}
{"level":"INFO","message":"[10:53:50.534 AM]: Connection[id: af2174ae-824c-4052-bbef-65b274b7c7fe] - connection object created successfully."}
{"level":"INFO","message":"[10:53:50.534 AM]: Connection[id: af2174ae-824c-4052-bbef-65b274b7c7fe] - connecting. Associated Snowflake domain: GLOBAL"}
{"level":"INFO","message":"[10:53:50.534 AM]: Connection[id: af2174ae-824c-4052-bbef-65b274b7c7fe] - authentication successful using: SNOWFLAKE"}
{"level":"INFO","message":"[10:53:50.968 AM]: Connection[id: af2174ae-824c-4052-bbef-65b274b7c7fe] - connection established successfully after 434.43 milliseconds"}
{"level":"INFO","message":"[10:55:52.577 AM]: Creating new connection object"}
{"level":"INFO","message":"[10:55:52.578 AM]: Creating Connection[id: 319d459d-7ec9-4829-957a-091bfda756e8] with host: cixxjbf-wp67697.snowflakecomputing.com, account: cixxjbf-wp67697, accessUrl: https://cixxjbf-wp67697.snowflakecomputing.com, user: kangsj, role: undefined, database: FNF, schema: SAP_FNF, warehouse: DEV_WH, proxy was not configured, password is provided, region: undefined, authenticator: SNOWFLAKE, ocsp mode: FAIL_OPEN, os: win32, os version: 10.0.26100"}
{"level":"INFO","message":"[10:55:52.579 AM]: Connection[id: 319d459d-7ec9-4829-957a-091bfda756e8] additional details: passcode in password is provided, passcode is not provided, private key is not provided, application: undefined, client name: snowflake-sdk, client version: 2.3.3, retry timeout: 300, private key path: undefined, private key pass is not provided, client store temporary credential: false, browser response timeout: 120000"}
{"level":"INFO","message":"[10:55:52.579 AM]: Connection[id: 319d459d-7ec9-4829-957a-091bfda756e8] - connection object created successfully."}
{"level":"INFO","message":"[10:55:52.579 AM]: Connection[id: 319d459d-7ec9-4829-957a-091bfda756e8] - connecting. Associated Snowflake domain: GLOBAL"}
{"level":"INFO","message":"[10:55:52.579 AM]: Connection[id: 319d459d-7ec9-4829-957a-091bfda756e8] - authentication successful using: SNOWFLAKE"}
{"level":"INFO","message":"[10:55:52.921 AM]: Connection[id: 319d459d-7ec9-4829-957a-091bfda756e8] - connection established successfully after 342.39 milliseconds"}
{"level":"INFO","message":"[10:57:04.242 AM]: Creating new connection object"}
{"level":"INFO","message":"[10:57:04.243 AM]: Creating Connection[id: 56df4791-9303-4792-9c10-3053d1260635] with host: cixxjbf-wp67697.snowflakecomputing.com, account: cixxjbf-wp67697, accessUrl: https://cixxjbf-wp67697.snowflakecomputing.com, user: kangsj, role: undefined, database: FNF, schema: SAP_FNF, warehouse: DEV_WH, proxy was not configured, password is provided, region: undefined, authenticator: SNOWFLAKE, ocsp mode: FAIL_OPEN, os: win32, os version: 10.0.26100"}
{"level":"INFO","message":"[10:57:04.243 AM]: Connection[id: 56df4791-9303-4792-9c10-3053d1260635] additional details: passcode in password is provided, passcode is not provided, private key is not provided, application: undefined, client name: snowflake-sdk, client version: 2.3.3, retry timeout: 300, private key path: undefined, private key pass is not provided, client store temporary credential: false, browser response timeout: 120000"}
{"level":"INFO","message":"[10:57:04.243 AM]: Connection[id: 56df4791-9303-4792-9c10-3053d1260635] - connection object created successfully."}
{"level":"INFO","message":"[10:57:04.243 AM]: Connection[id: 56df4791-9303-4792-9c10-3053d1260635] - connecting. Associated Snowflake domain: GLOBAL"}
{"level":"INFO","message":"[10:57:04.244 AM]: Connection[id: 56df4791-9303-4792-9c10-3053d1260635] - authentication successful using: SNOWFLAKE"}
{"level":"INFO","message":"[10:57:04.656 AM]: Connection[id: 56df4791-9303-4792-9c10-3053d1260635] - connection established successfully after 412.88 milliseconds"}
{"level":"INFO","message":"[10:59:43.995 AM]: Creating new connection object"}
{"level":"INFO","message":"[10:59:43.996 AM]: Creating Connection[id: 2fb105b3-a174-4a1d-9db4-f044460af4df] with host: cixxjbf-wp67697.snowflakecomputing.com, account: cixxjbf-wp67697, accessUrl: https://cixxjbf-wp67697.snowflakecomputing.com, user: kangsj, role: undefined, database: FNF, schema: SAP_FNF, warehouse: DEV_WH, proxy was not configured, password is provided, region: undefined, authenticator: SNOWFLAKE, ocsp mode: FAIL_OPEN, os: win32, os version: 10.0.26100"}
{"level":"INFO","message":"[10:59:43.996 AM]: Connection[id: 2fb105b3-a174-4a1d-9db4-f044460af4df] additional details: passcode in password is provided, passcode is not provided, private key is not provided, application: undefined, client name: snowflake-sdk, client version: 2.3.3, retry timeout: 300, private key path: undefined, private key pass is not provided, client store temporary credential: false, browser response timeout: 120000"}
{"level":"INFO","message":"[10:59:43.997 AM]: Connection[id: 2fb105b3-a174-4a1d-9db4-f044460af4df] - connection object created successfully."}
{"level":"INFO","message":"[10:59:43.997 AM]: Connection[id: 2fb105b3-a174-4a1d-9db4-f044460af4df] - connecting. Associated Snowflake domain: GLOBAL"}
{"level":"INFO","message":"[10:59:43.997 AM]: Connection[id: 2fb105b3-a174-4a1d-9db4-f044460af4df] - authentication successful using: SNOWFLAKE"}
{"level":"INFO","message":"[10:59:44.245 AM]: Connection[id: 2fb105b3-a174-4a1d-9db4-f044460af4df] - connection established successfully after 248.08 milliseconds"}
{"level":"INFO","message":"[10:59:49.735 AM]: Creating new connection object"}
{"level":"INFO","message":"[10:59:49.736 AM]: Creating Connection[id: 0ffa6bca-a3f6-4f93-a380-7eae76208a99] with host: cixxjbf-wp67697.snowflakecomputing.com, account: cixxjbf-wp67697, accessUrl: https://cixxjbf-wp67697.snowflakecomputing.com, user: kangsj, role: undefined, database: FNF, schema: SAP_FNF, warehouse: DEV_WH, proxy was not configured, password is provided, region: undefined, authenticator: SNOWFLAKE, ocsp mode: FAIL_OPEN, os: win32, os version: 10.0.26100"}
{"level":"INFO","message":"[10:59:49.736 AM]: Connection[id: 0ffa6bca-a3f6-4f93-a380-7eae76208a99] additional details: passcode in password is provided, passcode is not provided, private key is not provided, application: undefined, client name: snowflake-sdk, client version: 2.3.3, retry timeout: 300, private key path: undefined, private key pass is not provided, client store temporary credential: false, browser response timeout: 120000"}
{"level":"INFO","message":"[10:59:49.736 AM]: Connection[id: 0ffa6bca-a3f6-4f93-a380-7eae76208a99] - connection object created successfully."}
{"level":"INFO","message":"[10:59:49.736 AM]: Connection[id: 0ffa6bca-a3f6-4f93-a380-7eae76208a99] - connecting. Associated Snowflake domain: GLOBAL"}
{"level":"INFO","message":"[10:59:49.736 AM]: Connection[id: 0ffa6bca-a3f6-4f93-a380-7eae76208a99] - authentication successful using: SNOWFLAKE"}
{"level":"INFO","message":"[10:59:50.104 AM]: Connection[id: 0ffa6bca-a3f6-4f93-a380-7eae76208a99] - connection established successfully after 367.93 milliseconds"}
{"level":"INFO","message":"[11:00:11.344 AM]: Creating new connection object"}
{"level":"INFO","message":"[11:00:11.345 AM]: Creating Connection[id: efe8ea44-3e98-414c-9732-17e6f3bb0346] with host: cixxjbf-wp67697.snowflakecomputing.com, account: cixxjbf-wp67697, accessUrl: https://cixxjbf-wp67697.snowflakecomputing.com, user: kangsj, role: undefined, database: FNF, schema: SAP_FNF, warehouse: DEV_WH, proxy was not configured, password is provided, region: undefined, authenticator: SNOWFLAKE, ocsp mode: FAIL_OPEN, os: win32, os version: 10.0.26100"}
{"level":"INFO","message":"[11:00:11.345 AM]: Connection[id: efe8ea44-3e98-414c-9732-17e6f3bb0346] additional details: passcode in password is provided, passcode is not provided, private key is not provided, application: undefined, client name: snowflake-sdk, client version: 2.3.3, retry timeout: 300, private key path: undefined, private key pass is not provided, client store temporary credential: false, browser response timeout: 120000"}
{"level":"INFO","message":"[11:00:11.345 AM]: Connection[id: efe8ea44-3e98-414c-9732-17e6f3bb0346] - connection object created successfully."}
{"level":"INFO","message":"[11:00:11.345 AM]: Connection[id: efe8ea44-3e98-414c-9732-17e6f3bb0346] - connecting. Associated Snowflake domain: GLOBAL"}
{"level":"INFO","message":"[11:00:11.345 AM]: Connection[id: efe8ea44-3e98-414c-9732-17e6f3bb0346] - authentication successful using: SNOWFLAKE"}
{"level":"INFO","message":"[11:00:11.764 AM]: Connection[id: efe8ea44-3e98-414c-9732-17e6f3bb0346] - connection established successfully after 419.23 milliseconds"}
{"level":"INFO","message":"[11:07:14.822 AM]: Creating new connection object"}
{"level":"INFO","message":"[11:07:14.823 AM]: Creating Connection[id: 846947ae-d4a5-48c0-b217-71737553d080] with host: cixxjbf-wp67697.snowflakecomputing.com, account: cixxjbf-wp67697, accessUrl: https://cixxjbf-wp67697.snowflakecomputing.com, user: kangsj, role: undefined, database: FNF, schema: SAP_FNF, warehouse: DEV_WH, proxy was not configured, password is provided, region: undefined, authenticator: SNOWFLAKE, ocsp mode: FAIL_OPEN, os: win32, os version: 10.0.26100"}
{"level":"INFO","message":"[11:07:14.823 AM]: Connection[id: 846947ae-d4a5-48c0-b217-71737553d080] additional details: passcode in password is provided, passcode is not provided, private key is not provided, application: undefined, client name: snowflake-sdk, client version: 2.3.3, retry timeout: 300, private key path: undefined, private key pass is not provided, client store temporary credential: false, browser response timeout: 120000"}
{"level":"INFO","message":"[11:07:14.823 AM]: Connection[id: 846947ae-d4a5-48c0-b217-71737553d080] - connection object created successfully."}
{"level":"INFO","message":"[11:07:14.823 AM]: Connection[id: 846947ae-d4a5-48c0-b217-71737553d080] - connecting. Associated Snowflake domain: GLOBAL"}
{"level":"INFO","message":"[11:07:14.823 AM]: Connection[id: 846947ae-d4a5-48c0-b217-71737553d080] - authentication successful using: SNOWFLAKE"}
{"level":"INFO","message":"[11:07:15.360 AM]: Connection[id: 846947ae-d4a5-48c0-b217-71737553d080] - connection established successfully after 536.36 milliseconds"}
{"level":"INFO","message":"[11:08:02.184 AM]: Creating new connection object"}
{"level":"INFO","message":"[11:08:02.184 AM]: Creating Connection[id: b13ff6ec-42b6-4e5a-8157-23e4e0396a8a] with host: cixxjbf-wp67697.snowflakecomputing.com, account: cixxjbf-wp67697, accessUrl: https://cixxjbf-wp67697.snowflakecomputing.com, user: kangsj, role: undefined, database: FNF, schema: SAP_FNF, warehouse: DEV_WH, proxy was not configured, password is provided, region: undefined, authenticator: SNOWFLAKE, ocsp mode: FAIL_OPEN, os: win32, os version: 10.0.26100"}
{"level":"INFO","message":"[11:08:02.185 AM]: Connection[id: b13ff6ec-42b6-4e5a-8157-23e4e0396a8a] additional details: passcode in password is provided, passcode is not provided, private key is not provided, application: undefined, client name: snowflake-sdk, client version: 2.3.3, retry timeout: 300, private key path: undefined, private key pass is not provided, client store temporary credential: false, browser response timeout: 120000"}
{"level":"INFO","message":"[11:08:02.185 AM]: Connection[id: b13ff6ec-42b6-4e5a-8157-23e4e0396a8a] - connection object created successfully."}
{"level":"INFO","message":"[11:08:02.185 AM]: Connection[id: b13ff6ec-42b6-4e5a-8157-23e4e0396a8a] - connecting. Associated Snowflake domain: GLOBAL"}
{"level":"INFO","message":"[11:08:02.185 AM]: Connection[id: b13ff6ec-42b6-4e5a-8157-23e4e0396a8a] - authentication successful using: SNOWFLAKE"}
{"level":"INFO","message":"[11:08:02.479 AM]: Connection[id: b13ff6ec-42b6-4e5a-8157-23e4e0396a8a] - connection established successfully after 293.92 milliseconds"}
{"level":"INFO","message":"[11:08:39.035 AM]: Creating new connection object"}
{"level":"INFO","message":"[11:08:39.038 AM]: Creating Connection[id: f86e7ff1-d6e7-4135-a82a-46da3adac04d] with host: cixxjbf-wp67697.snowflakecomputing.com, account: cixxjbf-wp67697, accessUrl: https://cixxjbf-wp67697.snowflakecomputing.com, user: kangsj, role: undefined, database: FNF, schema: SAP_FNF, warehouse: DEV_WH, proxy was not configured, password is provided, region: undefined, authenticator: SNOWFLAKE, ocsp mode: FAIL_OPEN, os: win32, os version: 10.0.26100"}
{"level":"INFO","message":"[11:08:39.038 AM]: Connection[id: f86e7ff1-d6e7-4135-a82a-46da3adac04d] additional details: passcode in password is provided, passcode is not provided, private key is not provided, application: undefined, client name: snowflake-sdk, client version: 2.3.3, retry timeout: 300, private key path: undefined, private key pass is not provided, client store temporary credential: false, browser response timeout: 120000"}
{"level":"INFO","message":"[11:08:39.038 AM]: Connection[id: f86e7ff1-d6e7-4135-a82a-46da3adac04d] - connection object created successfully."}
{"level":"INFO","message":"[11:08:39.039 AM]: Connection[id: f86e7ff1-d6e7-4135-a82a-46da3adac04d] - connecting. Associated Snowflake domain: GLOBAL"}
{"level":"INFO","message":"[11:08:39.039 AM]: Connection[id: f86e7ff1-d6e7-4135-a82a-46da3adac04d] - authentication successful using: SNOWFLAKE"}
{"level":"INFO","message":"[11:08:39.357 AM]: Connection[id: f86e7ff1-d6e7-4135-a82a-46da3adac04d] - connection established successfully after 318.13 milliseconds"}
{"level":"INFO","message":"[11:16:26.162 AM]: Creating new connection object"}
{"level":"INFO","message":"[11:16:26.164 AM]: Creating Connection[id: 06fec339-3674-4f02-a7ce-29e2ea397e57] with host: cixxjbf-wp67697.snowflakecomputing.com, account: cixxjbf-wp67697, accessUrl: https://cixxjbf-wp67697.snowflakecomputing.com, user: kangsj, role: undefined, database: FNF, schema: SAP_FNF, warehouse: DEV_WH, proxy was not configured, password is provided, region: undefined, authenticator: SNOWFLAKE, ocsp mode: FAIL_OPEN, os: win32, os version: 10.0.26100"}
{"level":"INFO","message":"[11:16:26.164 AM]: Connection[id: 06fec339-3674-4f02-a7ce-29e2ea397e57] additional details: passcode in password is provided, passcode is not provided, private key is not provided, application: undefined, client name: snowflake-sdk, client version: 2.3.3, retry timeout: 300, private key path: undefined, private key pass is not provided, client store temporary credential: false, browser response timeout: 120000"}
{"level":"INFO","message":"[11:16:26.165 AM]: Connection[id: 06fec339-3674-4f02-a7ce-29e2ea397e57] - connection object created successfully."}
{"level":"INFO","message":"[11:16:26.165 AM]: Connection[id: 06fec339-3674-4f02-a7ce-29e2ea397e57] - connecting. Associated Snowflake domain: GLOBAL"}
{"level":"INFO","message":"[11:16:26.166 AM]: Connection[id: 06fec339-3674-4f02-a7ce-29e2ea397e57] - authentication successful using: SNOWFLAKE"}
{"level":"INFO","message":"[11:16:27.061 AM]: Connection[id: 06fec339-3674-4f02-a7ce-29e2ea397e57] - connection established successfully after 895.68 milliseconds"}
{"level":"INFO","message":"[11:17:00.192 AM]: Creating new connection object"}
{"level":"INFO","message":"[11:17:00.193 AM]: Creating Connection[id: 14760cfd-a453-4fad-8799-fd842afa613c] with host: cixxjbf-wp67697.snowflakecomputing.com, account: cixxjbf-wp67697, accessUrl: https://cixxjbf-wp67697.snowflakecomputing.com, user: kangsj, role: undefined, database: FNF, schema: SAP_FNF, warehouse: DEV_WH, proxy was not configured, password is provided, region: undefined, authenticator: SNOWFLAKE, ocsp mode: FAIL_OPEN, os: win32, os version: 10.0.26100"}
{"level":"INFO","message":"[11:17:00.193 AM]: Connection[id: 14760cfd-a453-4fad-8799-fd842afa613c] additional details: passcode in password is provided, passcode is not provided, private key is not provided, application: undefined, client name: snowflake-sdk, client version: 2.3.3, retry timeout: 300, private key path: undefined, private key pass is not provided, client store temporary credential: false, browser response timeout: 120000"}
{"level":"INFO","message":"[11:17:00.193 AM]: Connection[id: 14760cfd-a453-4fad-8799-fd842afa613c] - connection object created successfully."}
{"level":"INFO","message":"[11:17:00.193 AM]: Connection[id: 14760cfd-a453-4fad-8799-fd842afa613c] - connecting. Associated Snowflake domain: GLOBAL"}
{"level":"INFO","message":"[11:17:00.193 AM]: Connection[id: 14760cfd-a453-4fad-8799-fd842afa613c] - authentication successful using: SNOWFLAKE"}
{"level":"INFO","message":"[11:17:00.479 AM]: Connection[id: 14760cfd-a453-4fad-8799-fd842afa613c] - connection established successfully after 285.85 milliseconds"}
{"level":"INFO","message":"[10:30:53.513 PM]: Creating new connection object"}
{"level":"INFO","message":"[10:30:53.524 PM]: Creating Connection[id: 36fd534f-85a1-4db5-b2b5-2848c1ee638f] with host: cixxjbf-wp67697.snowflakecomputing.com, account: cixxjbf-wp67697, accessUrl: https://cixxjbf-wp67697.snowflakecomputing.com, user: kangsj, role: undefined, database: FNF, schema: SAP_FNF, warehouse: DEV_WH, proxy was not configured, password is provided, region: undefined, authenticator: SNOWFLAKE, ocsp mode: FAIL_OPEN, os: win32, os version: 10.0.26100"}
{"level":"INFO","message":"[10:30:53.525 PM]: Connection[id: 36fd534f-85a1-4db5-b2b5-2848c1ee638f] additional details: passcode in password is provided, passcode is not provided, private key is not provided, application: undefined, client name: snowflake-sdk, client version: 2.3.3, retry timeout: 300, private key path: undefined, private key pass is not provided, client store temporary credential: false, browser response timeout: 120000"}
{"level":"INFO","message":"[10:30:53.525 PM]: Connection[id: 36fd534f-85a1-4db5-b2b5-2848c1ee638f] - connection object created successfully."}
{"level":"INFO","message":"[10:30:53.526 PM]: Connection[id: 36fd534f-85a1-4db5-b2b5-2848c1ee638f] - connecting. Associated Snowflake domain: GLOBAL"}
{"level":"INFO","message":"[10:30:53.526 PM]: Connection[id: 36fd534f-85a1-4db5-b2b5-2848c1ee638f] - authentication successful using: SNOWFLAKE"}
{"level":"INFO","message":"[10:30:53.526 PM]: Trying to initialize Easy Logging"}
{"level":"INFO","message":"[10:30:53.527 PM]: No client config detected."}
{"level":"INFO","message":"[10:30:53.527 PM]: No config file path found. Client config will not be used."}
{"level":"INFO","message":"[10:30:53.528 PM]: Easy Logging is disabled as no config has been found"}
{"level":"INFO","message":"[10:30:54.082 PM]: Connection[id: 36fd534f-85a1-4db5-b2b5-2848c1ee638f] - connection established successfully after 556.04 milliseconds"}
{"level":"INFO","message":"[1:25:27.430 PM]: Creating new connection object"}
{"level":"INFO","message":"[1:25:27.475 PM]: Creating Connection[id: 1d8d335c-218c-4704-a2bb-2a944138cff3] with host: cixxjbf-wp67697.snowflakecomputing.com, account: cixxjbf-wp67697, accessUrl: https://cixxjbf-wp67697.snowflakecomputing.com, user: kangsj, role: undefined, database: FNF, schema: SAP_FNF, warehouse: DEV_WH, proxy was not configured, password is provided, region: undefined, authenticator: SNOWFLAKE, ocsp mode: FAIL_OPEN, os: win32, os version: 10.0.26100"}
{"level":"INFO","message":"[1:25:27.476 PM]: Connection[id: 1d8d335c-218c-4704-a2bb-2a944138cff3] additional details: passcode in password is provided, passcode is not provided, private key is not provided, application: undefined, client name: snowflake-sdk, client version: 2.3.3, retry timeout: 300, private key path: undefined, private key pass is not provided, client store temporary credential: false, browser response timeout: 120000"}
{"level":"INFO","message":"[1:25:27.476 PM]: Connection[id: 1d8d335c-218c-4704-a2bb-2a944138cff3] - connection object created successfully."}
{"level":"INFO","message":"[1:25:27.476 PM]: Connection[id: 1d8d335c-218c-4704-a2bb-2a944138cff3] - connecting. Associated Snowflake domain: GLOBAL"}
{"level":"INFO","message":"[1:25:27.476 PM]: Connection[id: 1d8d335c-218c-4704-a2bb-2a944138cff3] - authentication successful using: SNOWFLAKE"}
{"level":"INFO","message":"[1:25:27.477 PM]: Trying to initialize Easy Logging"}
{"level":"INFO","message":"[1:25:27.479 PM]: No client config detected."}
{"level":"INFO","message":"[1:25:27.479 PM]: No config file path found. Client config will not be used."}
{"level":"INFO","message":"[1:25:27.480 PM]: Easy Logging is disabled as no config has been found"}
{"level":"INFO","message":"[1:25:27.926 PM]: Connection[id: 1d8d335c-218c-4704-a2bb-2a944138cff3] - connection established successfully after 449.57 milliseconds"}
{"level":"INFO","message":"[1:26:57.232 PM]: Creating new connection object"}
{"level":"INFO","message":"[1:26:57.233 PM]: Creating Connection[id: cbaf37c4-8d09-4c82-b0f1-a73294b707c3] with host: cixxjbf-wp67697.snowflakecomputing.com, account: cixxjbf-wp67697, accessUrl: https://cixxjbf-wp67697.snowflakecomputing.com, user: kangsj, role: undefined, database: FNF, schema: SAP_FNF, warehouse: DEV_WH, proxy was not configured, password is provided, region: undefined, authenticator: SNOWFLAKE, ocsp mode: FAIL_OPEN, os: win32, os version: 10.0.26100"}
{"level":"INFO","message":"[1:26:57.233 PM]: Connection[id: cbaf37c4-8d09-4c82-b0f1-a73294b707c3] additional details: passcode in password is provided, passcode is not provided, private key is not provided, application: undefined, client name: snowflake-sdk, client version: 2.3.3, retry timeout: 300, private key path: undefined, private key pass is not provided, client store temporary credential: false, browser response timeout: 120000"}
{"level":"INFO","message":"[1:26:57.234 PM]: Connection[id: cbaf37c4-8d09-4c82-b0f1-a73294b707c3] - connection object created successfully."}
{"level":"INFO","message":"[1:26:57.234 PM]: Connection[id: cbaf37c4-8d09-4c82-b0f1-a73294b707c3] - connecting. Associated Snowflake domain: GLOBAL"}
{"level":"INFO","message":"[1:26:57.234 PM]: Connection[id: cbaf37c4-8d09-4c82-b0f1-a73294b707c3] - authentication successful using: SNOWFLAKE"}
{"level":"INFO","message":"[1:26:58.029 PM]: Connection[id: cbaf37c4-8d09-4c82-b0f1-a73294b707c3] - connection established successfully after 795.22 milliseconds"}
{"level":"INFO","message":"[1:37:45.574 PM]: Creating new connection object"}
{"level":"INFO","message":"[1:37:45.575 PM]: Creating Connection[id: eea4299f-dc11-4ca5-a3e8-b20845935cd7] with host: cixxjbf-wp67697.snowflakecomputing.com, account: cixxjbf-wp67697, accessUrl: https://cixxjbf-wp67697.snowflakecomputing.com, user: kangsj, role: undefined, database: FNF, schema: SAP_FNF, warehouse: DEV_WH, proxy was not configured, password is provided, region: undefined, authenticator: SNOWFLAKE, ocsp mode: FAIL_OPEN, os: win32, os version: 10.0.26100"}
{"level":"INFO","message":"[1:37:45.575 PM]: Connection[id: eea4299f-dc11-4ca5-a3e8-b20845935cd7] additional details: passcode in password is provided, passcode is not provided, private key is not provided, application: undefined, client name: snowflake-sdk, client version: 2.3.3, retry timeout: 300, private key path: undefined, private key pass is not provided, client store temporary credential: false, browser response timeout: 120000"}
{"level":"INFO","message":"[1:37:45.575 PM]: Connection[id: eea4299f-dc11-4ca5-a3e8-b20845935cd7] - connection object created successfully."}
{"level":"INFO","message":"[1:37:45.575 PM]: Connection[id: eea4299f-dc11-4ca5-a3e8-b20845935cd7] - connecting. Associated Snowflake domain: GLOBAL"}
{"level":"INFO","message":"[1:37:45.575 PM]: Connection[id: eea4299f-dc11-4ca5-a3e8-b20845935cd7] - authentication successful using: SNOWFLAKE"}
{"level":"INFO","message":"[1:37:45.978 PM]: Connection[id: eea4299f-dc11-4ca5-a3e8-b20845935cd7] - connection established successfully after 403.13 milliseconds"}
{"level":"INFO","message":"[2:10:46.116 PM]: Creating new connection object"}
{"level":"INFO","message":"[2:10:46.117 PM]: Creating Connection[id: 49ebfebf-826a-456a-8ddb-3bee19fd8ebe] with host: cixxjbf-wp67697.snowflakecomputing.com, account: cixxjbf-wp67697, accessUrl: https://cixxjbf-wp67697.snowflakecomputing.com, user: kangsj, role: undefined, database: FNF, schema: SAP_FNF, warehouse: DEV_WH, proxy was not configured, password is provided, region: undefined, authenticator: SNOWFLAKE, ocsp mode: FAIL_OPEN, os: win32, os version: 10.0.26100"}
{"level":"INFO","message":"[2:10:46.117 PM]: Connection[id: 49ebfebf-826a-456a-8ddb-3bee19fd8ebe] additional details: passcode in password is provided, passcode is not provided, private key is not provided, application: undefined, client name: snowflake-sdk, client version: 2.3.3, retry timeout: 300, private key path: undefined, private key pass is not provided, client store temporary credential: false, browser response timeout: 120000"}
{"level":"INFO","message":"[2:10:46.117 PM]: Connection[id: 49ebfebf-826a-456a-8ddb-3bee19fd8ebe] - connection object created successfully."}
{"level":"INFO","message":"[2:10:46.117 PM]: Connection[id: 49ebfebf-826a-456a-8ddb-3bee19fd8ebe] - connecting. Associated Snowflake domain: GLOBAL"}
{"level":"INFO","message":"[2:10:46.118 PM]: Connection[id: 49ebfebf-826a-456a-8ddb-3bee19fd8ebe] - authentication successful using: SNOWFLAKE"}
{"level":"INFO","message":"[2:10:46.563 PM]: Connection[id: 49ebfebf-826a-456a-8ddb-3bee19fd8ebe] - connection established successfully after 445.37 milliseconds"}
{"level":"INFO","message":"[2:13:02.923 PM]: Creating new connection object"}
{"level":"INFO","message":"[2:13:02.924 PM]: Creating Connection[id: e39417fc-d07a-43d7-b193-5077d62ba17e] with host: cixxjbf-wp67697.snowflakecomputing.com, account: cixxjbf-wp67697, accessUrl: https://cixxjbf-wp67697.snowflakecomputing.com, user: kangsj, role: undefined, database: FNF, schema: SAP_FNF, warehouse: DEV_WH, proxy was not configured, password is provided, region: undefined, authenticator: SNOWFLAKE, ocsp mode: FAIL_OPEN, os: win32, os version: 10.0.26100"}
{"level":"INFO","message":"[2:13:02.924 PM]: Connection[id: e39417fc-d07a-43d7-b193-5077d62ba17e] additional details: passcode in password is provided, passcode is not provided, private key is not provided, application: undefined, client name: snowflake-sdk, client version: 2.3.3, retry timeout: 300, private key path: undefined, private key pass is not provided, client store temporary credential: false, browser response timeout: 120000"}
{"level":"INFO","message":"[2:13:02.924 PM]: Connection[id: e39417fc-d07a-43d7-b193-5077d62ba17e] - connection object created successfully."}
{"level":"INFO","message":"[2:13:02.924 PM]: Connection[id: e39417fc-d07a-43d7-b193-5077d62ba17e] - connecting. Associated Snowflake domain: GLOBAL"}
{"level":"INFO","message":"[2:13:02.924 PM]: Connection[id: e39417fc-d07a-43d7-b193-5077d62ba17e] - authentication successful using: SNOWFLAKE"}
{"level":"INFO","message":"[2:13:03.225 PM]: Connection[id: e39417fc-d07a-43d7-b193-5077d62ba17e] - connection established successfully after 300.85 milliseconds"}
{"level":"INFO","message":"[5:15:54.658 PM]: Creating new connection object"}
{"level":"INFO","message":"[5:15:54.660 PM]: Creating Connection[id: 0964c3b8-e5cd-457c-90af-dd3029d769c0] with host: cixxjbf-wp67697.snowflakecomputing.com, account: cixxjbf-wp67697, accessUrl: https://cixxjbf-wp67697.snowflakecomputing.com, user: kangsj, role: undefined, database: FNF, schema: SAP_FNF, warehouse: DEV_WH, proxy was not configured, password is provided, region: undefined, authenticator: SNOWFLAKE, ocsp mode: FAIL_OPEN, os: win32, os version: 10.0.26100"}
{"level":"INFO","message":"[5:15:54.660 PM]: Connection[id: 0964c3b8-e5cd-457c-90af-dd3029d769c0] additional details: passcode in password is provided, passcode is not provided, private key is not provided, application: undefined, client name: snowflake-sdk, client version: 2.3.3, retry timeout: 300, private key path: undefined, private key pass is not provided, client store temporary credential: false, browser response timeout: 120000"}
{"level":"INFO","message":"[5:15:54.660 PM]: Connection[id: 0964c3b8-e5cd-457c-90af-dd3029d769c0] - connection object created successfully."}
{"level":"INFO","message":"[5:15:54.660 PM]: Connection[id: 0964c3b8-e5cd-457c-90af-dd3029d769c0] - connecting. Associated Snowflake domain: GLOBAL"}
{"level":"INFO","message":"[5:15:54.660 PM]: Connection[id: 0964c3b8-e5cd-457c-90af-dd3029d769c0] - authentication successful using: SNOWFLAKE"}
{"level":"INFO","message":"[5:15:55.228 PM]: Connection[id: 0964c3b8-e5cd-457c-90af-dd3029d769c0] - connection established successfully after 567.44 milliseconds"}
